<?xml version="1.0" encoding="UTF-8"?>
<testsuite xmlns:xsi="http://www.w3.org/2001/XMLSchema-instance" xsi:noNamespaceSchemaLocation="https://maven.apache.org/surefire/maven-surefire-plugin/xsd/surefire-test-report.xsd" name="com.vendor.AppTest" time="0.056" tests="1" errors="0" skipped="0" failures="0">
  <properties>
    <property name="sun.desktop" value="windows"/>
    <property name="awt.toolkit" value="sun.awt.windows.WToolkit"/>
    <property name="file.encoding.pkg" value="sun.io"/>
    <property name="java.specification.version" value="1.8"/>
    <property name="sun.cpu.isalist" value="amd64"/>
    <property name="sun.jnu.encoding" value="GBK"/>
    <property name="java.class.path" value="E:\WebServer\vendorSystem\commonUtils\target\test-classes;E:\WebServer\vendorSystem\commonUtils\target\classes;E:\lipy_computers\f\test_projects\maven\repository\org\springframework\boot\spring-boot-starter-data-jpa\2.0.0.RELEASE\spring-boot-starter-data-jpa-2.0.0.RELEASE.jar;E:\lipy_computers\f\test_projects\maven\repository\org\springframework\boot\spring-boot-starter\2.0.0.RELEASE\spring-boot-starter-2.0.0.RELEASE.jar;E:\lipy_computers\f\test_projects\maven\repository\org\springframework\boot\spring-boot-starter-logging\2.0.0.RELEASE\spring-boot-starter-logging-2.0.0.RELEASE.jar;E:\lipy_computers\f\test_projects\maven\repository\ch\qos\logback\logback-classic\1.2.3\logback-classic-1.2.3.jar;E:\lipy_computers\f\test_projects\maven\repository\ch\qos\logback\logback-core\1.2.3\logback-core-1.2.3.jar;E:\lipy_computers\f\test_projects\maven\repository\org\apache\logging\log4j\log4j-to-slf4j\2.10.0\log4j-to-slf4j-2.10.0.jar;E:\lipy_computers\f\test_projects\maven\repository\org\apache\logging\log4j\log4j-api\2.10.0\log4j-api-2.10.0.jar;E:\lipy_computers\f\test_projects\maven\repository\org\slf4j\jul-to-slf4j\1.7.25\jul-to-slf4j-1.7.25.jar;E:\lipy_computers\f\test_projects\maven\repository\javax\annotation\javax.annotation-api\1.3.2\javax.annotation-api-1.3.2.jar;E:\lipy_computers\f\test_projects\maven\repository\org\yaml\snakeyaml\1.19\snakeyaml-1.19.jar;E:\lipy_computers\f\test_projects\maven\repository\org\springframework\boot\spring-boot-starter-aop\2.0.0.RELEASE\spring-boot-starter-aop-2.0.0.RELEASE.jar;E:\lipy_computers\f\test_projects\maven\repository\org\springframework\spring-aop\5.0.4.RELEASE\spring-aop-5.0.4.RELEASE.jar;E:\lipy_computers\f\test_projects\maven\repository\org\aspectj\aspectjweaver\1.8.13\aspectjweaver-1.8.13.jar;E:\lipy_computers\f\test_projects\maven\repository\org\springframework\boot\spring-boot-starter-jdbc\2.0.0.RELEASE\spring-boot-starter-jdbc-2.0.0.RELEASE.jar;E:\lipy_computers\f\test_projects\maven\repository\com\zaxxer\HikariCP\2.7.8\HikariCP-2.7.8.jar;E:\lipy_computers\f\test_projects\maven\repository\org\springframework\spring-jdbc\5.0.4.RELEASE\spring-jdbc-5.0.4.RELEASE.jar;E:\lipy_computers\f\test_projects\maven\repository\org\hibernate\hibernate-core\5.2.14.Final\hibernate-core-5.2.14.Final.jar;E:\lipy_computers\f\test_projects\maven\repository\org\jboss\logging\jboss-logging\3.3.2.Final\jboss-logging-3.3.2.Final.jar;E:\lipy_computers\f\test_projects\maven\repository\org\hibernate\javax\persistence\hibernate-jpa-2.1-api\1.0.0.Final\hibernate-jpa-2.1-api-1.0.0.Final.jar;E:\lipy_computers\f\test_projects\maven\repository\org\javassist\javassist\3.22.0-GA\javassist-3.22.0-GA.jar;E:\lipy_computers\f\test_projects\maven\repository\antlr\antlr\2.7.7\antlr-2.7.7.jar;E:\lipy_computers\f\test_projects\maven\repository\org\jboss\jandex\2.0.3.Final\jandex-2.0.3.Final.jar;E:\lipy_computers\f\test_projects\maven\repository\com\fasterxml\classmate\1.3.4\classmate-1.3.4.jar;E:\lipy_computers\f\test_projects\maven\repository\dom4j\dom4j\1.6.1\dom4j-1.6.1.jar;E:\lipy_computers\f\test_projects\maven\repository\org\hibernate\common\hibernate-commons-annotations\5.0.1.Final\hibernate-commons-annotations-5.0.1.Final.jar;E:\lipy_computers\f\test_projects\maven\repository\javax\transaction\javax.transaction-api\1.2\javax.transaction-api-1.2.jar;E:\lipy_computers\f\test_projects\maven\repository\org\springframework\data\spring-data-jpa\2.0.5.RELEASE\spring-data-jpa-2.0.5.RELEASE.jar;E:\lipy_computers\f\test_projects\maven\repository\org\springframework\data\spring-data-commons\2.0.5.RELEASE\spring-data-commons-2.0.5.RELEASE.jar;E:\lipy_computers\f\test_projects\maven\repository\org\springframework\spring-orm\5.0.4.RELEASE\spring-orm-5.0.4.RELEASE.jar;E:\lipy_computers\f\test_projects\maven\repository\org\springframework\spring-context\5.0.4.RELEASE\spring-context-5.0.4.RELEASE.jar;E:\lipy_computers\f\test_projects\maven\repository\org\springframework\spring-expression\5.0.4.RELEASE\spring-expression-5.0.4.RELEASE.jar;E:\lipy_computers\f\test_projects\maven\repository\org\springframework\spring-tx\5.0.4.RELEASE\spring-tx-5.0.4.RELEASE.jar;E:\lipy_computers\f\test_projects\maven\repository\org\springframework\spring-beans\5.0.4.RELEASE\spring-beans-5.0.4.RELEASE.jar;E:\lipy_computers\f\test_projects\maven\repository\org\slf4j\slf4j-api\1.7.25\slf4j-api-1.7.25.jar;E:\lipy_computers\f\test_projects\maven\repository\org\springframework\spring-aspects\5.0.4.RELEASE\spring-aspects-5.0.4.RELEASE.jar;E:\lipy_computers\f\test_projects\maven\repository\org\springframework\boot\spring-boot-devtools\2.0.0.RELEASE\spring-boot-devtools-2.0.0.RELEASE.jar;E:\lipy_computers\f\test_projects\maven\repository\org\springframework\boot\spring-boot\2.0.0.RELEASE\spring-boot-2.0.0.RELEASE.jar;E:\lipy_computers\f\test_projects\maven\repository\org\springframework\boot\spring-boot-autoconfigure\2.0.0.RELEASE\spring-boot-autoconfigure-2.0.0.RELEASE.jar;E:\lipy_computers\f\test_projects\maven\repository\mysql\mysql-connector-java\5.1.45\mysql-connector-java-5.1.45.jar;E:\lipy_computers\f\test_projects\maven\repository\org\springframework\boot\spring-boot-starter-test\2.0.0.RELEASE\spring-boot-starter-test-2.0.0.RELEASE.jar;E:\lipy_computers\f\test_projects\maven\repository\org\springframework\boot\spring-boot-test\2.0.0.RELEASE\spring-boot-test-2.0.0.RELEASE.jar;E:\lipy_computers\f\test_projects\maven\repository\org\springframework\boot\spring-boot-test-autoconfigure\2.0.0.RELEASE\spring-boot-test-autoconfigure-2.0.0.RELEASE.jar;E:\lipy_computers\f\test_projects\maven\repository\com\jayway\jsonpath\json-path\2.4.0\json-path-2.4.0.jar;E:\lipy_computers\f\test_projects\maven\repository\net\minidev\json-smart\2.3\json-smart-2.3.jar;E:\lipy_computers\f\test_projects\maven\repository\net\minidev\accessors-smart\1.2\accessors-smart-1.2.jar;E:\lipy_computers\f\test_projects\maven\repository\org\ow2\asm\asm\5.0.4\asm-5.0.4.jar;E:\lipy_computers\f\test_projects\maven\repository\org\assertj\assertj-core\3.9.1\assertj-core-3.9.1.jar;E:\lipy_computers\f\test_projects\maven\repository\org\mockito\mockito-core\2.15.0\mockito-core-2.15.0.jar;E:\lipy_computers\f\test_projects\maven\repository\net\bytebuddy\byte-buddy\1.7.10\byte-buddy-1.7.10.jar;E:\lipy_computers\f\test_projects\maven\repository\net\bytebuddy\byte-buddy-agent\1.7.10\byte-buddy-agent-1.7.10.jar;E:\lipy_computers\f\test_projects\maven\repository\org\objenesis\objenesis\2.6\objenesis-2.6.jar;E:\lipy_computers\f\test_projects\maven\repository\org\hamcrest\hamcrest-core\1.3\hamcrest-core-1.3.jar;E:\lipy_computers\f\test_projects\maven\repository\org\hamcrest\hamcrest-library\1.3\hamcrest-library-1.3.jar;E:\lipy_computers\f\test_projects\maven\repository\org\skyscreamer\jsonassert\1.5.0\jsonassert-1.5.0.jar;E:\lipy_computers\f\test_projects\maven\repository\com\vaadin\external\google\android-json\0.0.20131108.vaadin1\android-json-0.0.20131108.vaadin1.jar;E:\lipy_computers\f\test_projects\maven\repository\org\springframework\spring-core\5.0.4.RELEASE\spring-core-5.0.4.RELEASE.jar;E:\lipy_computers\f\test_projects\maven\repository\org\springframework\spring-jcl\5.0.4.RELEASE\spring-jcl-5.0.4.RELEASE.jar;E:\lipy_computers\f\test_projects\maven\repository\org\springframework\spring-test\5.0.4.RELEASE\spring-test-5.0.4.RELEASE.jar;E:\lipy_computers\f\test_projects\maven\repository\org\xmlunit\xmlunit-core\2.5.1\xmlunit-core-2.5.1.jar;E:\lipy_computers\f\test_projects\maven\repository\com\google\code\gson\gson\2.8.5\gson-2.8.5.jar;E:\lipy_computers\f\test_projects\maven\repository\com\vladmihalcea\hibernate-types-5\2.4.2\hibernate-types-5-2.4.2.jar;E:\lipy_computers\f\test_projects\maven\repository\junit\junit\4.11\junit-4.11.jar;"/>
    <property name="java.vm.vendor" value="Oracle Corporation"/>
    <property name="sun.arch.data.model" value="64"/>
    <property name="user.variant" value=""/>
    <property name="java.vendor.url" value="http://java.oracle.com/"/>
    <property name="user.timezone" value="Asia/Shanghai"/>
    <property name="java.vm.specification.version" value="1.8"/>
    <property name="os.name" value="Windows 7"/>
    <property name="user.country" value="CN"/>
    <property name="sun.java.launcher" value="SUN_STANDARD"/>
    <property name="sun.boot.library.path" value="C:\Program Files\Java\jdk1.8.0_131\jre\bin"/>
    <property name="sun.java.command" value="C:\Users\ADMINI~1\AppData\Local\Temp\surefire8887911201536232991\surefirebooter7228752801663714563.jar C:\Users\Administrator\AppData\Local\Temp\surefire8887911201536232991 2019-05-08T16-24-08_141-jvmRun1 surefire4680549478913074164tmp surefire_04102441785034074043tmp"/>
    <property name="surefire.test.class.path" value="E:\WebServer\vendorSystem\commonUtils\target\test-classes;E:\WebServer\vendorSystem\commonUtils\target\classes;E:\lipy_computers\f\test_projects\maven\repository\org\springframework\boot\spring-boot-starter-data-jpa\2.0.0.RELEASE\spring-boot-starter-data-jpa-2.0.0.RELEASE.jar;E:\lipy_computers\f\test_projects\maven\repository\org\springframework\boot\spring-boot-starter\2.0.0.RELEASE\spring-boot-starter-2.0.0.RELEASE.jar;E:\lipy_computers\f\test_projects\maven\repository\org\springframework\boot\spring-boot-starter-logging\2.0.0.RELEASE\spring-boot-starter-logging-2.0.0.RELEASE.jar;E:\lipy_computers\f\test_projects\maven\repository\ch\qos\logback\logback-classic\1.2.3\logback-classic-1.2.3.jar;E:\lipy_computers\f\test_projects\maven\repository\ch\qos\logback\logback-core\1.2.3\logback-core-1.2.3.jar;E:\lipy_computers\f\test_projects\maven\repository\org\apache\logging\log4j\log4j-to-slf4j\2.10.0\log4j-to-slf4j-2.10.0.jar;E:\lipy_computers\f\test_projects\maven\repository\org\apache\logging\log4j\log4j-api\2.10.0\log4j-api-2.10.0.jar;E:\lipy_computers\f\test_projects\maven\repository\org\slf4j\jul-to-slf4j\1.7.25\jul-to-slf4j-1.7.25.jar;E:\lipy_computers\f\test_projects\maven\repository\javax\annotation\javax.annotation-api\1.3.2\javax.annotation-api-1.3.2.jar;E:\lipy_computers\f\test_projects\maven\repository\org\yaml\snakeyaml\1.19\snakeyaml-1.19.jar;E:\lipy_computers\f\test_projects\maven\repository\org\springframework\boot\spring-boot-starter-aop\2.0.0.RELEASE\spring-boot-starter-aop-2.0.0.RELEASE.jar;E:\lipy_computers\f\test_projects\maven\repository\org\springframework\spring-aop\5.0.4.RELEASE\spring-aop-5.0.4.RELEASE.jar;E:\lipy_computers\f\test_projects\maven\repository\org\aspectj\aspectjweaver\1.8.13\aspectjweaver-1.8.13.jar;E:\lipy_computers\f\test_projects\maven\repository\org\springframework\boot\spring-boot-starter-jdbc\2.0.0.RELEASE\spring-boot-starter-jdbc-2.0.0.RELEASE.jar;E:\lipy_computers\f\test_projects\maven\repository\com\zaxxer\HikariCP\2.7.8\HikariCP-2.7.8.jar;E:\lipy_computers\f\test_projects\maven\repository\org\springframework\spring-jdbc\5.0.4.RELEASE\spring-jdbc-5.0.4.RELEASE.jar;E:\lipy_computers\f\test_projects\maven\repository\org\hibernate\hibernate-core\5.2.14.Final\hibernate-core-5.2.14.Final.jar;E:\lipy_computers\f\test_projects\maven\repository\org\jboss\logging\jboss-logging\3.3.2.Final\jboss-logging-3.3.2.Final.jar;E:\lipy_computers\f\test_projects\maven\repository\org\hibernate\javax\persistence\hibernate-jpa-2.1-api\1.0.0.Final\hibernate-jpa-2.1-api-1.0.0.Final.jar;E:\lipy_computers\f\test_projects\maven\repository\org\javassist\javassist\3.22.0-GA\javassist-3.22.0-GA.jar;E:\lipy_computers\f\test_projects\maven\repository\antlr\antlr\2.7.7\antlr-2.7.7.jar;E:\lipy_computers\f\test_projects\maven\repository\org\jboss\jandex\2.0.3.Final\jandex-2.0.3.Final.jar;E:\lipy_computers\f\test_projects\maven\repository\com\fasterxml\classmate\1.3.4\classmate-1.3.4.jar;E:\lipy_computers\f\test_projects\maven\repository\dom4j\dom4j\1.6.1\dom4j-1.6.1.jar;E:\lipy_computers\f\test_projects\maven\repository\org\hibernate\common\hibernate-commons-annotations\5.0.1.Final\hibernate-commons-annotations-5.0.1.Final.jar;E:\lipy_computers\f\test_projects\maven\repository\javax\transaction\javax.transaction-api\1.2\javax.transaction-api-1.2.jar;E:\lipy_computers\f\test_projects\maven\repository\org\springframework\data\spring-data-jpa\2.0.5.RELEASE\spring-data-jpa-2.0.5.RELEASE.jar;E:\lipy_computers\f\test_projects\maven\repository\org\springframework\data\spring-data-commons\2.0.5.RELEASE\spring-data-commons-2.0.5.RELEASE.jar;E:\lipy_computers\f\test_projects\maven\repository\org\springframework\spring-orm\5.0.4.RELEASE\spring-orm-5.0.4.RELEASE.jar;E:\lipy_computers\f\test_projects\maven\repository\org\springframework\spring-context\5.0.4.RELEASE\spring-context-5.0.4.RELEASE.jar;E:\lipy_computers\f\test_projects\maven\repository\org\springframework\spring-expression\5.0.4.RELEASE\spring-expression-5.0.4.RELEASE.jar;E:\lipy_computers\f\test_projects\maven\repository\org\springframework\spring-tx\5.0.4.RELEASE\spring-tx-5.0.4.RELEASE.jar;E:\lipy_computers\f\test_projects\maven\repository\org\springframework\spring-beans\5.0.4.RELEASE\spring-beans-5.0.4.RELEASE.jar;E:\lipy_computers\f\test_projects\maven\repository\org\slf4j\slf4j-api\1.7.25\slf4j-api-1.7.25.jar;E:\lipy_computers\f\test_projects\maven\repository\org\springframework\spring-aspects\5.0.4.RELEASE\spring-aspects-5.0.4.RELEASE.jar;E:\lipy_computers\f\test_projects\maven\repository\org\springframework\boot\spring-boot-devtools\2.0.0.RELEASE\spring-boot-devtools-2.0.0.RELEASE.jar;E:\lipy_computers\f\test_projects\maven\repository\org\springframework\boot\spring-boot\2.0.0.RELEASE\spring-boot-2.0.0.RELEASE.jar;E:\lipy_computers\f\test_projects\maven\repository\org\springframework\boot\spring-boot-autoconfigure\2.0.0.RELEASE\spring-boot-autoconfigure-2.0.0.RELEASE.jar;E:\lipy_computers\f\test_projects\maven\repository\mysql\mysql-connector-java\5.1.45\mysql-connector-java-5.1.45.jar;E:\lipy_computers\f\test_projects\maven\repository\org\springframework\boot\spring-boot-starter-test\2.0.0.RELEASE\spring-boot-starter-test-2.0.0.RELEASE.jar;E:\lipy_computers\f\test_projects\maven\repository\org\springframework\boot\spring-boot-test\2.0.0.RELEASE\spring-boot-test-2.0.0.RELEASE.jar;E:\lipy_computers\f\test_projects\maven\repository\org\springframework\boot\spring-boot-test-autoconfigure\2.0.0.RELEASE\spring-boot-test-autoconfigure-2.0.0.RELEASE.jar;E:\lipy_computers\f\test_projects\maven\repository\com\jayway\jsonpath\json-path\2.4.0\json-path-2.4.0.jar;E:\lipy_computers\f\test_projects\maven\repository\net\minidev\json-smart\2.3\json-smart-2.3.jar;E:\lipy_computers\f\test_projects\maven\repository\net\minidev\accessors-smart\1.2\accessors-smart-1.2.jar;E:\lipy_computers\f\test_projects\maven\repository\org\ow2\asm\asm\5.0.4\asm-5.0.4.jar;E:\lipy_computers\f\test_projects\maven\repository\org\assertj\assertj-core\3.9.1\assertj-core-3.9.1.jar;E:\lipy_computers\f\test_projects\maven\repository\org\mockito\mockito-core\2.15.0\mockito-core-2.15.0.jar;E:\lipy_computers\f\test_projects\maven\repository\net\bytebuddy\byte-buddy\1.7.10\byte-buddy-1.7.10.jar;E:\lipy_computers\f\test_projects\maven\repository\net\bytebuddy\byte-buddy-agent\1.7.10\byte-buddy-agent-1.7.10.jar;E:\lipy_computers\f\test_projects\maven\repository\org\objenesis\objenesis\2.6\objenesis-2.6.jar;E:\lipy_computers\f\test_projects\maven\repository\org\hamcrest\hamcrest-core\1.3\hamcrest-core-1.3.jar;E:\lipy_computers\f\test_projects\maven\repository\org\hamcrest\hamcrest-library\1.3\hamcrest-library-1.3.jar;E:\lipy_computers\f\test_projects\maven\repository\org\skyscreamer\jsonassert\1.5.0\jsonassert-1.5.0.jar;E:\lipy_computers\f\test_projects\maven\repository\com\vaadin\external\google\android-json\0.0.20131108.vaadin1\android-json-0.0.20131108.vaadin1.jar;E:\lipy_computers\f\test_projects\maven\repository\org\springframework\spring-core\5.0.4.RELEASE\spring-core-5.0.4.RELEASE.jar;E:\lipy_computers\f\test_projects\maven\repository\org\springframework\spring-jcl\5.0.4.RELEASE\spring-jcl-5.0.4.RELEASE.jar;E:\lipy_computers\f\test_projects\maven\repository\org\springframework\spring-test\5.0.4.RELEASE\spring-test-5.0.4.RELEASE.jar;E:\lipy_computers\f\test_projects\maven\repository\org\xmlunit\xmlunit-core\2.5.1\xmlunit-core-2.5.1.jar;E:\lipy_computers\f\test_projects\maven\repository\com\google\code\gson\gson\2.8.5\gson-2.8.5.jar;E:\lipy_computers\f\test_projects\maven\repository\com\vladmihalcea\hibernate-types-5\2.4.2\hibernate-types-5-2.4.2.jar;E:\lipy_computers\f\test_projects\maven\repository\junit\junit\4.11\junit-4.11.jar;"/>
    <property name="sun.cpu.endian" value="little"/>
    <property name="user.home" value="C:\Users\Administrator"/>
    <property name="user.language" value="zh"/>
    <property name="java.specification.vendor" value="Oracle Corporation"/>
    <property name="java.home" value="C:\Program Files\Java\jdk1.8.0_131\jre"/>
    <property name="basedir" value="E:\WebServer\vendorSystem\commonUtils"/>
    <property name="file.separator" value="\"/>
    <property name="line.separator" value="&#10;"/>
    <property name="java.vm.specification.vendor" value="Oracle Corporation"/>
    <property name="java.specification.name" value="Java Platform API Specification"/>
    <property name="java.awt.graphicsenv" value="sun.awt.Win32GraphicsEnvironment"/>
    <property name="surefire.real.class.path" value="C:\Users\ADMINI~1\AppData\Local\Temp\surefire8887911201536232991\surefirebooter7228752801663714563.jar"/>
    <property name="sun.boot.class.path" value="C:\Program Files\Java\jdk1.8.0_131\jre\lib\resources.jar;C:\Program Files\Java\jdk1.8.0_131\jre\lib\rt.jar;C:\Program Files\Java\jdk1.8.0_131\jre\lib\sunrsasign.jar;C:\Program Files\Java\jdk1.8.0_131\jre\lib\jsse.jar;C:\Program Files\Java\jdk1.8.0_131\jre\lib\jce.jar;C:\Program Files\Java\jdk1.8.0_131\jre\lib\charsets.jar;C:\Program Files\Java\jdk1.8.0_131\jre\lib\jfr.jar;C:\Program Files\Java\jdk1.8.0_131\jre\classes"/>
    <property name="user.script" value=""/>
    <property name="sun.management.compiler" value="HotSpot 64-Bit Tiered Compilers"/>
    <property name="java.runtime.version" value="1.8.0_131-b11"/>
    <property name="user.name" value="Administrator"/>
    <property name="path.separator" value=";"/>
    <property name="os.version" value="6.1"/>
    <property name="java.endorsed.dirs" value="C:\Program Files\Java\jdk1.8.0_131\jre\lib\endorsed"/>
    <property name="java.runtime.name" value="Java(TM) SE Runtime Environment"/>
    <property name="file.encoding" value="GBK"/>
    <property name="java.vm.name" value="Java HotSpot(TM) 64-Bit Server VM"/>
    <property name="localRepository" value="E:\lipy_computers\f\test_projects\maven\repository"/>
    <property name="java.vendor.url.bug" value="http://bugreport.sun.com/bugreport/"/>
    <property name="java.io.tmpdir" value="C:\Users\ADMINI~1\AppData\Local\Temp\"/>
    <property name="idea.version" value="2017.3.4"/>
    <property name="java.version" value="1.8.0_131"/>
    <property name="user.dir" value="E:\WebServer\vendorSystem\commonUtils"/>
    <property name="os.arch" value="amd64"/>
    <property name="java.vm.specification.name" value="Java Virtual Machine Specification"/>
    <property name="java.awt.printerjob" value="sun.awt.windows.WPrinterJob"/>
    <property name="sun.os.patch.level" value="Service Pack 1"/>
    <property name="java.library.path" value="C:\Program Files\Java\jdk1.8.0_131\jre\bin;C:\Windows\Sun\Java\bin;C:\Windows\system32;C:\Windows;C:\ProgramData\Oracle\Java\javapath;C:\Program Files\Java\jdk1.8.0_60\bin;C:\Windows\system32;C:\Windows;C:\Windows\System32\Wbem;C:\Windows\System32\WindowsPowerShell\v1.0\;C:\Program Files\Git\cmd;C:\Program Files\Java\jdk1.8.0_60;D:\Program Files\Python2.7.4;D:\software\java web\apache-maven-3.3.3\bin;D:\software\db\mysql\mysql-5.7.14-winx64\bin;D:\hadoop-2.8.1\bin;D:\software\db\mysql\mysql-5.7.14-winx64\bin;D:\software\thrift;D:\Program Files\nodejs\;C:\Users\Administrator\AppData\Local\Programs\Python\Python35-32\Scripts\;C:\Users\Administrator\AppData\Local\Programs\Python\Python35-32\;C:\Users\Administrator\AppData\Roaming\npm;."/>
    <property name="java.vm.info" value="mixed mode"/>
    <property name="java.vendor" value="Oracle Corporation"/>
    <property name="java.vm.version" value="25.131-b11"/>
    <property name="java.ext.dirs" value="C:\Program Files\Java\jdk1.8.0_131\jre\lib\ext;C:\Windows\Sun\Java\lib\ext"/>
    <property name="sun.io.unicode.encoding" value="UnicodeLittle"/>
    <property name="java.class.version" value="52.0"/>
  </properties>
  <testcase name="shouldAnswerWithTrue" classname="com.vendor.AppTest" time="0.001"/>
</testsuite>